0 silly argv {
0 silly argv   _: [ 'bootstrap' ],
0 silly argv   'force-local': true,
0 silly argv   forceLocal: true,
0 silly argv   lernaVersion: '5.5.4',
0 silly argv   '$0': '/Users/angelmanzano/Projects/aleph/solana-indexer-framework/node_modules/.bin/lerna'
0 silly argv }
1 notice cli v5.5.4
2 verbose rootPath /Users/angelmanzano/Projects/aleph/solana-indexer-framework
3 error JSONError: Unexpected token "}" (0x7D) in JSON at position 763 while parsing near "...bn.js\": \"^5.1.0\",\n  },\n  \"dependencies\":..." in packages/core/package.json
3 error
3 error [0m [90m 31 |[39m     [32m"@types/node"[39m[33m:[39m [32m"^17.0.33"[39m[33m,[39m[0m
3 error [0m [90m 32 |[39m     [32m"@types/bn.js"[39m[33m:[39m [32m"^5.1.0"[39m[33m,[39m[0m
3 error [0m[31m[1m>[22m[39m[90m 33 |[39m   }[33m,[39m[0m
3 error [0m [90m    |[39m   [31m[1m^[22m[39m[0m
3 error [0m [90m 34 |[39m   [32m"dependencies"[39m[33m:[39m {[0m
3 error [0m [90m 35 |[39m     [32m"dotenv"[39m[33m:[39m [32m"^16.0.1"[39m[33m,[39m[0m
3 error [0m [90m 36 |[39m     [32m"dotenv-defaults"[39m[33m:[39m [32m"^5.0.0"[39m[33m,[39m[0m
3 error
3 error     at parseJson (/Users/angelmanzano/Projects/aleph/solana-indexer-framework/node_modules/parse-json/index.js:29:21)
3 error     at parse (/Users/angelmanzano/Projects/aleph/solana-indexer-framework/node_modules/load-json-file/index.js:15:9)
3 error     at module.exports (/Users/angelmanzano/Projects/aleph/solana-indexer-framework/node_modules/load-json-file/index.js:18:47)
